<?xml version="1.0" encoding="UTF-8"?>
<!-- Generated by org.testng.reporters.JUnitReportReporter -->
<testsuite hostname="mine" failures="0" tests="1" name="test.com.itexps.CalculatorTest" time="0.006" errors="0" timestamp="27 Aug 2024 13:39:33 GMT">
  <testcase classname="test.com.itexps.CalculatorTest" name="testAdd" time="0.006"/>
</testsuite> <!-- test.com.itexps.CalculatorTest -->
